<?xml version="1.0" encoding="UTF-8"?>
<testsuite name="ch.zhaw.ads.ADS13_1_test" tests="6" skipped="0" failures="0" errors="0" timestamp="2023-12-12T11:39:23" hostname="DESKTOP-HAFPO39" time="0.026">
  <properties/>
  <testcase name="testAfterSecondChangeGC()" classname="ch.zhaw.ads.ADS13_1_test" time="0.018"/>
  <testcase name="testRoot()" classname="ch.zhaw.ads.ADS13_1_test" time="0.001"/>
  <testcase name="testAfterFirstGC()" classname="ch.zhaw.ads.ADS13_1_test" time="0.001"/>
  <testcase name="testInitialHeap()" classname="ch.zhaw.ads.ADS13_1_test" time="0.0"/>
  <testcase name="testFinalHeap()" classname="ch.zhaw.ads.ADS13_1_test" time="0.001"/>
  <testcase name="testAfterFirstChangeGC()" classname="ch.zhaw.ads.ADS13_1_test" time="0.001"/>
  <system-out><![CDATA[]]></system-out>
  <system-err><![CDATA[]]></system-err>
</testsuite>
