<?xml version="1.0" encoding="UTF-8"?>
<testsuite name="ch.zhaw.ads.ADS12_3_test" tests="4" skipped="0" failures="0" errors="0" timestamp="2023-12-11T07:27:35" hostname="DESKTOP-HAFPO39" time="0.121">
  <properties/>
  <testcase name="testRandomData()" classname="ch.zhaw.ads.ADS12_3_test" time="0.048"/>
  <testcase name="testAscendingData()" classname="ch.zhaw.ads.ADS12_3_test" time="0.004"/>
  <testcase name="testCompleteData()" classname="ch.zhaw.ads.ADS12_3_test" time="0.058"/>
  <testcase name="testDescendingData()" classname="ch.zhaw.ads.ADS12_3_test" time="0.004"/>
  <system-out><![CDATA[]]></system-out>
  <system-err><![CDATA[]]></system-err>
</testsuite>
