<?xml version="1.0" encoding="UTF-8"?>
<testsuite name="ch.zhaw.ads.ADS7_4_test" tests="2" skipped="0" failures="0" errors="0" timestamp="2023-10-31T13:31:01" hostname="DESKTOP-HAFPO39" time="0.039">
  <properties/>
  <testcase name="testLuganoWinterthur()" classname="ch.zhaw.ads.ADS7_4_test" time="0.036"/>
  <testcase name="testWinterthurLugano()" classname="ch.zhaw.ads.ADS7_4_test" time="0.002"/>
  <system-out><![CDATA[]]></system-out>
  <system-err><![CDATA[]]></system-err>
</testsuite>
