<?xml version="1.0" encoding="UTF-8"?>
<testsuite name="ch.zhaw.ads.ADS3_4_test" tests="1" skipped="0" failures="0" errors="0" timestamp="2023-10-03T12:41:21" hostname="DESKTOP-HAFPO39" time="0.057">
  <properties/>
  <testcase name="testCreateText()" classname="ch.zhaw.ads.ADS3_4_test" time="0.057"/>
  <system-out><![CDATA[]]></system-out>
  <system-err><![CDATA[]]></system-err>
</testsuite>
