<?xml version="1.0" encoding="UTF-8"?>
<testsuite name="ch.zhaw.ads.ADS9_2_test" tests="3" skipped="0" failures="0" errors="0" timestamp="2023-11-20T17:52:33" hostname="DESKTOP-HAFPO39" time="0.02">
  <properties/>
  <testcase name="testCompareTo()" classname="ch.zhaw.ads.ADS9_2_test" time="0.015"/>
  <testcase name="testHashcode()" classname="ch.zhaw.ads.ADS9_2_test" time="0.001"/>
  <testcase name="testEquals()" classname="ch.zhaw.ads.ADS9_2_test" time="0.002"/>
  <system-out><![CDATA[]]></system-out>
  <system-err><![CDATA[]]></system-err>
</testsuite>
