<?xml version="1.0" encoding="UTF-8"?>
<testsuite name="ch.zhaw.ads.ADS8_4_test" tests="3" skipped="0" failures="0" errors="0" timestamp="2023-11-10T15:12:13" hostname="DESKTOP-HAFPO39" time="0.032">
  <properties/>
  <testcase name="testCreateGraph()" classname="ch.zhaw.ads.ADS8_4_test" time="0.019"/>
  <testcase name="testDrawRoute()" classname="ch.zhaw.ads.ADS8_4_test" time="0.008"/>
  <testcase name="testDrawLabyrinth()" classname="ch.zhaw.ads.ADS8_4_test" time="0.003"/>
  <system-out><![CDATA[]]></system-out>
  <system-err><![CDATA[]]></system-err>
</testsuite>
